<?xml version="1.0" encoding="UTF-8"?>
<testng-results skipped="0" failed="0" ignored="0" total="0" passed="0">
  <reporter-output>
  </reporter-output>
  <suite name="Surefire suite" duration-ms="234992" started-at="2022-04-01T16:21:28 SGT" finished-at="2022-04-01T16:25:23 SGT">
    <groups>
    </groups>
    <test name="Surefire test" duration-ms="234992" started-at="2022-04-01T16:21:28 SGT" finished-at="2022-04-01T16:25:23 SGT">
    </test> <!-- Surefire test -->
  </suite> <!-- Surefire suite -->
</testng-results>
